FitnessExperiment/build/debug/android-build/build/intermediates/manifest_merge_blame_file/debug/manifest-merger-blame-debug-report.txt
1<?xml version="1.0" encoding="utf-8"?>
2<manifest xmlns:android="http://schemas.android.com/apk/res/android"
3    package="org.qtproject.example.FitnessExperiment"
4    android:installLocation="auto"
5    android:versionCode="1"
6    android:versionName="1.0" >
7
8    <uses-sdk
9        android:minSdkVersion="21"
9-->debug\android-build\AndroidManifest.xml
10        android:targetSdkVersion="28" />
10-->debug\android-build\AndroidManifest.xml
11    <!--
12         The following comment will be replaced upon deployment with default permissions based on the dependencies of the application.
13         Remove the comment if you do not require these default permissions.
14    -->
15    <uses-permission android:name="android.permission.INTERNET" />
15-->debug\android-build\AndroidManifest.xml:5:5-67
15-->debug\android-build\AndroidManifest.xml:5:22-64
16    <uses-permission android:name="android.permission.WRITE_EXTERNAL_STORAGE" />
16-->debug\android-build\AndroidManifest.xml:6:5-81
16-->debug\android-build\AndroidManifest.xml:6:22-78
17    <uses-permission android:name="android.permission.ACCESS_NETWORK_STATE" />
17-->debug\android-build\AndroidManifest.xml:7:5-79
17-->debug\android-build\AndroidManifest.xml:7:22-76
18
19    <!--
20         The following comment will be replaced upon deployment with default features based on the dependencies of the application.
21         Remove the comment if you do not require these default features.
22    -->
23
24    <supports-screens
24-->debug\android-build\AndroidManifest.xml:13:5-135
25        android:anyDensity="true"
25-->debug\android-build\AndroidManifest.xml:13:80-105
26        android:largeScreens="true"
26-->debug\android-build\AndroidManifest.xml:13:23-50
27        android:normalScreens="true"
27-->debug\android-build\AndroidManifest.xml:13:51-79
28        android:smallScreens="true" />
28-->debug\android-build\AndroidManifest.xml:13:106-133
29
30    <application
30-->debug\android-build\AndroidManifest.xml:14:5-84:19
31        android:name="org.qtproject.qt5.android.bindings.QtApplication"
31-->debug\android-build\AndroidManifest.xml:14:53-116
32        android:debuggable="true"
33        android:extractNativeLibs="true"
33-->debug\android-build\AndroidManifest.xml:14:151-183
34        android:hardwareAccelerated="true"
34-->debug\android-build\AndroidManifest.xml:14:18-52
35        android:label="FitnessExperiment" >
35-->debug\android-build\AndroidManifest.xml:14:117-150
36        <activity
36-->debug\android-build\AndroidManifest.xml:15:9-80:16
37            android:name="org.qtproject.qt5.android.bindings.QtActivity"
37-->debug\android-build\AndroidManifest.xml:15:189-249
38            android:configChanges="orientation|uiMode|screenLayout|screenSize|smallestScreenSize|layoutDirection|locale|fontScale|keyboard|keyboardHidden|navigation|mcc|mnc|density"
38-->debug\android-build\AndroidManifest.xml:15:19-188
39            android:label="FitnessExperiment"
39-->debug\android-build\AndroidManifest.xml:15:250-283
40            android:launchMode="singleTop"
40-->debug\android-build\AndroidManifest.xml:15:324-354
41            android:screenOrientation="unspecified" >
41-->debug\android-build\AndroidManifest.xml:15:284-323
42            <intent-filter>
42-->debug\android-build\AndroidManifest.xml:16:13-19:29
43                <action android:name="android.intent.action.MAIN" />
43-->debug\android-build\AndroidManifest.xml:17:17-68
43-->debug\android-build\AndroidManifest.xml:17:25-66
44
45                <category android:name="android.intent.category.LAUNCHER" />
45-->debug\android-build\AndroidManifest.xml:18:17-76
45-->debug\android-build\AndroidManifest.xml:18:27-74
46            </intent-filter>
47
48            <!-- Application arguments -->
49            <!-- meta-data android:name="android.app.arguments" android:value="arg1 arg2 arg3"/ -->
50            <!-- Application arguments -->
51
52            <meta-data
52-->debug\android-build\AndroidManifest.xml:25:13-95
53                android:name="android.app.lib_name"
53-->debug\android-build\AndroidManifest.xml:25:24-59
54                android:value="FitnessExperiment" />
54-->debug\android-build\AndroidManifest.xml:25:60-93
55            <meta-data
55-->debug\android-build\AndroidManifest.xml:26:13-112
56                android:name="android.app.qt_sources_resource_id"
56-->debug\android-build\AndroidManifest.xml:26:24-73
57                android:resource="@array/qt_sources" />
57-->debug\android-build\AndroidManifest.xml:26:74-110
58            <meta-data
58-->debug\android-build\AndroidManifest.xml:27:13-87
59                android:name="android.app.repository"
59-->debug\android-build\AndroidManifest.xml:27:24-61
60                android:value="default" />
60-->debug\android-build\AndroidManifest.xml:27:62-85
61            <meta-data
61-->debug\android-build\AndroidManifest.xml:28:13-106
62                android:name="android.app.qt_libs_resource_id"
62-->debug\android-build\AndroidManifest.xml:28:24-70
63                android:resource="@array/qt_libs" />
63-->debug\android-build\AndroidManifest.xml:28:71-104
64            <meta-data
64-->debug\android-build\AndroidManifest.xml:29:13-116
65                android:name="android.app.bundled_libs_resource_id"
65-->debug\android-build\AndroidManifest.xml:29:24-75
66                android:resource="@array/bundled_libs" />
66-->debug\android-build\AndroidManifest.xml:29:76-114
67            <!-- Deploy Qt libs as part of package -->
68            <meta-data
68-->debug\android-build\AndroidManifest.xml:31:13-91
69                android:name="android.app.bundle_local_qt_libs"
69-->debug\android-build\AndroidManifest.xml:31:24-71
70                android:value="1" />
70-->debug\android-build\AndroidManifest.xml:31:72-89
71
72            <!-- Run with local libs -->
73            <meta-data
73-->debug\android-build\AndroidManifest.xml:34:13-88
74                android:name="android.app.use_local_qt_libs"
74-->debug\android-build\AndroidManifest.xml:34:24-68
75                android:value="1" />
75-->debug\android-build\AndroidManifest.xml:34:69-86
76            <meta-data
76-->debug\android-build\AndroidManifest.xml:35:13-100
77                android:name="android.app.libs_prefix"
77-->debug\android-build\AndroidManifest.xml:35:24-62
78                android:value="/data/local/tmp/qt/" />
78-->debug\android-build\AndroidManifest.xml:35:63-98
79            <meta-data
79-->debug\android-build\AndroidManifest.xml:36:13-122
80                android:name="android.app.load_local_libs_resource_id"
80-->debug\android-build\AndroidManifest.xml:36:24-78
81                android:resource="@array/load_local_libs" />
81-->debug\android-build\AndroidManifest.xml:36:79-120
82            <meta-data
82-->debug\android-build\AndroidManifest.xml:37:13-126
83                android:name="android.app.load_local_jars"
83-->debug\android-build\AndroidManifest.xml:37:24-66
84                android:value="jar/QtAndroid.jar:jar/QtAndroidBearer.jar" />
84-->debug\android-build\AndroidManifest.xml:37:67-124
85            <meta-data
85-->debug\android-build\AndroidManifest.xml:38:13-89
86                android:name="android.app.static_init_classes"
86-->debug\android-build\AndroidManifest.xml:38:24-70
87                android:value="" />
87-->debug\android-build\AndroidManifest.xml:38:71-87
88            <!-- Used to specify custom system library path to run with local system libs -->
89            <!-- <meta-data android:name="android.app.system_libs_prefix" android:value="/system/lib/"/> -->
90            <!-- Messages maps -->
91            <meta-data
91-->debug\android-build\AndroidManifest.xml:42:13-122
92                android:name="android.app.ministro_not_found_msg"
92-->debug\android-build\AndroidManifest.xml:42:71-120
93                android:value="@string/ministro_not_found_msg" />
93-->debug\android-build\AndroidManifest.xml:42:24-70
94            <meta-data
94-->debug\android-build\AndroidManifest.xml:43:13-116
95                android:name="android.app.ministro_needed_msg"
95-->debug\android-build\AndroidManifest.xml:43:68-114
96                android:value="@string/ministro_needed_msg" />
96-->debug\android-build\AndroidManifest.xml:43:24-67
97            <meta-data
97-->debug\android-build\AndroidManifest.xml:44:13-108
98                android:name="android.app.fatal_error_msg"
98-->debug\android-build\AndroidManifest.xml:44:64-106
99                android:value="@string/fatal_error_msg" />
99-->debug\android-build\AndroidManifest.xml:44:24-63
100            <meta-data
100-->debug\android-build\AndroidManifest.xml:45:13-132
101                android:name="android.app.unsupported_android_version"
101-->debug\android-build\AndroidManifest.xml:45:76-130
102                android:value="@string/unsupported_android_version" />
102-->debug\android-build\AndroidManifest.xml:45:24-75
103            <!-- Messages maps -->
104
105
106            <!-- Splash screen -->
107            <!--
108                 Orientation-specific (portrait/landscape) data is checked first. If not available for current orientation,
109                 then android.app.splash_screen_drawable. For best results, use together with splash_screen_sticky and
110                 use hideSplashScreen() with a fade-out animation from Qt Android Extras to hide the splash screen when you
111                 are done populating your window with content.
112            -->
113            <!-- meta-data android:name="android.app.splash_screen_drawable_portrait" android:resource="@drawable/logo_portrait" / -->
114            <!-- meta-data android:name="android.app.splash_screen_drawable_landscape" android:resource="@drawable/logo_landscape" / -->
115            <!-- meta-data android:name="android.app.splash_screen_drawable" android:resource="@drawable/logo"/ -->
116            <!-- meta-data android:name="android.app.splash_screen_sticky" android:value="true"/ -->
117            <!-- Splash screen -->
118
119
120            <!-- Background running -->
121            <!--
122                 Warning: changing this value to true may cause unexpected crashes if the
123                          application still try to draw after
124                          "applicationStateChanged(Qt::ApplicationSuspended)"
125                          signal is sent!
126            -->
127            <meta-data
127-->debug\android-build\AndroidManifest.xml:64:13-93
128                android:name="android.app.background_running"
128-->debug\android-build\AndroidManifest.xml:64:24-69
129                android:value="false" />
129-->debug\android-build\AndroidManifest.xml:64:70-91
130            <!-- Background running -->
131
132
133            <!-- auto screen scale factor -->
134            <meta-data
134-->debug\android-build\AndroidManifest.xml:68:13-99
135                android:name="android.app.auto_screen_scale_factor"
135-->debug\android-build\AndroidManifest.xml:68:24-75
136                android:value="false" />
136-->debug\android-build\AndroidManifest.xml:68:76-97
137            <!-- auto screen scale factor -->
138
139
140            <!-- extract android style -->
141            <!--
142                 available android:values :
143                * default - In most cases this will be the same as "full", but it can also be something else if needed, e.g., for compatibility reasons
144                * full - useful QWidget & Quick Controls 1 apps
145                * minimal - useful for Quick Controls 2 apps, it is much faster than "full"
146                * none - useful for apps that don't use any of the above Qt modules
147            -->
148            <meta-data
148-->debug\android-build\AndroidManifest.xml:78:13-98
149                android:name="android.app.extract_android_style"
149-->debug\android-build\AndroidManifest.xml:78:24-72
150                android:value="default" />
150-->debug\android-build\AndroidManifest.xml:78:73-96
151            <!-- extract android style -->
152        </activity>
153
154        <!-- For adding service(s) please check: https://wiki.qt.io/AndroidServices -->
155
156    </application>
157
158</manifest>